<?xml version="1.0" encoding="UTF-8"?>
<!-- Generated by org.testng.reporters.JUnitXMLReporter -->
<testsuite ignored="0" hostname="Aniket-LenovoPC" failures="0" tests="3" name="Test" time="29.792" errors="0" timestamp="2024-08-31T19:41:59 IST">
  <testcase classname="testCases.Test_AccRegistrationPage" name="verify_account_regidtration" time="3.986"/>
  <testcase classname="testCases.Test_LoginPage" name="verify_Login" time="3.737"/>
  <testcase classname="testCases.Test_SearchPageProduct" name="verify_pruductSearch" time="1.066"/>
</testsuite> <!-- Test -->
