<?xml version="1.0" encoding="UTF-8"?>
<testng-results ignored="0" total="3" passed="3" failed="0" skipped="0">
  <reporter-output>
  </reporter-output>
  <suite started-at="2024-08-31T19:41:28 IST" name="Suite" finished-at="2024-08-31T19:41:57 IST" duration-ms="29792">
    <groups>
      <group name="Master">
        <method signature="Test_AccRegistrationPage.verify_account_regidtration()[pri:0, instance:testCases.Test_AccRegistrationPage@1ce24091]" name="verify_account_regidtration" class="testCases.Test_AccRegistrationPage"/>
        <method signature="Test_LoginPage.verify_Login()[pri:0, instance:testCases.Test_LoginPage@3a52dba3]" name="verify_Login" class="testCases.Test_LoginPage"/>
        <method signature="Test_SearchPageProduct.verify_pruductSearch()[pri:0, instance:testCases.Test_SearchPageProduct@2a5c8d3f]" name="verify_pruductSearch" class="testCases.Test_SearchPageProduct"/>
      </group> <!-- Master -->
      <group name="Sanity">
        <method signature="Test_LoginPage.verify_Login()[pri:0, instance:testCases.Test_LoginPage@3a52dba3]" name="verify_Login" class="testCases.Test_LoginPage"/>
      </group> <!-- Sanity -->
      <group name="Regression">
        <method signature="Test_AccRegistrationPage.verify_account_regidtration()[pri:0, instance:testCases.Test_AccRegistrationPage@1ce24091]" name="verify_account_regidtration" class="testCases.Test_AccRegistrationPage"/>
      </group> <!-- Regression -->
    </groups>
    <test started-at="2024-08-31T19:41:28 IST" name="Test" finished-at="2024-08-31T19:41:57 IST" duration-ms="29792">
      <class name="testCases.Test_AccRegistrationPage">
        <test-method is-config="true" signature="setup(java.lang.String,java.lang.String)[pri:0, instance:testCases.Test_AccRegistrationPage@1ce24091]" started-at="2024-08-31T19:41:28 IST" name="setup" finished-at="2024-08-31T19:41:36 IST" duration-ms="7681" status="PASS">
          <params>
            <param index="0">
              <value>
                <![CDATA[Windows]]>
              </value>
            </param>
            <param index="1">
              <value>
                <![CDATA[chrome]]>
              </value>
            </param>
          </params>
          <reporter-output>
          </reporter-output>
        </test-method> <!-- setup -->
        <test-method signature="verify_account_regidtration()[pri:0, instance:testCases.Test_AccRegistrationPage@1ce24091]" started-at="2024-08-31T19:41:36 IST" name="verify_account_regidtration" finished-at="2024-08-31T19:41:40 IST" duration-ms="3986" status="PASS">
          <reporter-output>
          </reporter-output>
        </test-method> <!-- verify_account_regidtration -->
        <test-method is-config="true" signature="teardown()[pri:0, instance:testCases.Test_AccRegistrationPage@1ce24091]" started-at="2024-08-31T19:41:40 IST" name="teardown" finished-at="2024-08-31T19:41:41 IST" duration-ms="568" status="PASS">
          <reporter-output>
          </reporter-output>
        </test-method> <!-- teardown -->
      </class> <!-- testCases.Test_AccRegistrationPage -->
      <class name="testCases.Test_LoginPage">
        <test-method is-config="true" signature="setup(java.lang.String,java.lang.String)[pri:0, instance:testCases.Test_LoginPage@3a52dba3]" started-at="2024-08-31T19:41:41 IST" name="setup" finished-at="2024-08-31T19:41:46 IST" duration-ms="5233" status="PASS">
          <params>
            <param index="0">
              <value>
                <![CDATA[Windows]]>
              </value>
            </param>
            <param index="1">
              <value>
                <![CDATA[chrome]]>
              </value>
            </param>
          </params>
          <reporter-output>
          </reporter-output>
        </test-method> <!-- setup -->
        <test-method signature="verify_Login()[pri:0, instance:testCases.Test_LoginPage@3a52dba3]" started-at="2024-08-31T19:41:46 IST" name="verify_Login" finished-at="2024-08-31T19:41:50 IST" duration-ms="3737" status="PASS">
          <reporter-output>
          </reporter-output>
        </test-method> <!-- verify_Login -->
        <test-method is-config="true" signature="teardown()[pri:0, instance:testCases.Test_LoginPage@3a52dba3]" started-at="2024-08-31T19:41:50 IST" name="teardown" finished-at="2024-08-31T19:41:50 IST" duration-ms="513" status="PASS">
          <reporter-output>
          </reporter-output>
        </test-method> <!-- teardown -->
      </class> <!-- testCases.Test_LoginPage -->
      <class name="testCases.Test_SearchPageProduct">
        <test-method is-config="true" signature="setup(java.lang.String,java.lang.String)[pri:0, instance:testCases.Test_SearchPageProduct@2a5c8d3f]" started-at="2024-08-31T19:41:50 IST" name="setup" finished-at="2024-08-31T19:41:56 IST" duration-ms="5645" status="PASS">
          <params>
            <param index="0">
              <value>
                <![CDATA[Windows]]>
              </value>
            </param>
            <param index="1">
              <value>
                <![CDATA[chrome]]>
              </value>
            </param>
          </params>
          <reporter-output>
          </reporter-output>
        </test-method> <!-- setup -->
        <test-method signature="verify_pruductSearch()[pri:0, instance:testCases.Test_SearchPageProduct@2a5c8d3f]" started-at="2024-08-31T19:41:56 IST" name="verify_pruductSearch" finished-at="2024-08-31T19:41:57 IST" duration-ms="1066" status="PASS">
          <reporter-output>
          </reporter-output>
        </test-method> <!-- verify_pruductSearch -->
        <test-method is-config="true" signature="teardown()[pri:0, instance:testCases.Test_SearchPageProduct@2a5c8d3f]" started-at="2024-08-31T19:41:57 IST" name="teardown" finished-at="2024-08-31T19:41:57 IST" duration-ms="504" status="PASS">
          <reporter-output>
          </reporter-output>
        </test-method> <!-- teardown -->
      </class> <!-- testCases.Test_SearchPageProduct -->
    </test> <!-- Test -->
  </suite> <!-- Suite -->
</testng-results>
